../js/src_base/global/Global.js
../js/src_base/global/BuiltinEx.js
../js/src_base/global/Constant.js
../js/src_base/global/LanguageLocale.js
../js/src_base/global/json2.js
../js/src_base/util/Util.js
../js/src_base/util/Currency.js
../js/src_base/util/Date.js
../js/src_base/util/Time.js
../js/src_base/action/ActionBase.js
../js/src_base/action/ActionManager.js
../js/src_base/dialog/DialogBase.js
../js/src_base/dialog/DlgBusyWait.js
../js/src_base/dialog/DlgBusyWait2.js
../js/src_base/dialog/DlgCalendar.js
../js/src_base/dialog/DlgMonthInput.js
../js/src_base/dialog/TooltipUserSelect.js
../js/src_base/dialog/TooltipAnySelect.js
../js/src_base/dialog/TooltipVerSelect.js
../js/src_base/dialog/DlgConfirmAlert.js
../js/src_base/view/ViewBase.js
../js/src_base/helper/HelperEkitan.js
