../js/src_base/global/Global.js
../js/src_base/global/BuiltinEx.js
../js/src_base/global/Constant.js
../js/src_base/global/LanguageLocale.js
../js/src_base/util/Util.js
../js/src_base/util/Currency.js
../js/src_base/util/Date.js
../js/src_base/util/Time.js
../js/src_base/action/ActionBase.js
../js/src_base/action/ActionManager.js
../js/src_base/dialog/DialogBase.js
../js/src_base/dialog/DlgBusyWait.js
../js/src_base/dialog/DlgBusyWait2.js
../js/src_base/dialog/DlgMessage.js
../js/src_base/dialog/DlgCalendar.js
../js/src_base/dialog/DlgMonthInput.js
../js/src_base/dialog/TooltipUserSelect.js
../js/src_base/dialog/TooltipAnySelect.js
../js/src_base/dialog/TooltipVerSelect.js
../js/src_base/dialog/DlgConfirmAlert.js
../js/src_base/view/ViewBase.js
../js/src_base/helper/HelperEkitan.js
../js/src/global/ConstantEx.js
../js/src/global/CheckTimes.js
../js/src/global/PublicHoliday.js
../js/src/logic/EmpTime.js
../js/src/logic/Convert.js
../js/src/logic/YuqDays.js
../js/src/data/DataEmpApply.js
../js/src/data/DataEmpDay.js
../js/src/data/DataEmpWork.js
../js/src/data/DataEmpExp.js
../js/src/data/WorkLocation.js
../js/src/data/Pouch.js
../js/src/data/PouchEmpMonth.js
../js/src/data/PouchEmpWorks.js
../js/src/data/PouchEmpExps.js
../js/src/hrm/HrmNaviGroup.js
../js/src/hrm/HrmNavi.js
../js/src/hrm/HrmQuestion.js
../js/src/hrm/HrmQuestionSelect.js
../js/src/hrm/HrmNaviManager.js
../js/src/action/ActionEmpMonth.js
../js/src/action/ActionEmpExps.js
../js/src/action/ActionEmpWorks.js
../js/src/action/ActionChangeRequest.js
../js/src/action/ActionManagerEx.js
../js/src/dialog/DlgApplyComment.js
../js/src/dialog/DlgApproval.js
../js/src/dialog/DlgJobSelect.js
../js/src/dialog/DlgEditTime.js
../js/src/dialog/DlgEkitanOption.js
../js/src/dialog/DlgEmpApply.js
../js/src/dialog/DlgEmpApplyHoliday.js
../js/src/dialog/DlgEmpApplyHolidayWork.js
../js/src/dialog/DlgEmpApplyZangyo.js
../js/src/dialog/DlgEmpApplyEarlyStart.js
../js/src/dialog/DlgEmpApplyExchange.js
../js/src/dialog/DlgEmpApplyShiftChange.js
../js/src/dialog/DlgEmpApplyChangePattern.js
../js/src/dialog/DlgEmpApplyLateStart.js
../js/src/dialog/DlgEmpApplyEarlyEnd.js
../js/src/dialog/DlgEmpApplyDaily.js
../js/src/dialog/DlgEmpApplyReviseTime.js
../js/src/dialog/DlgEmpApplyShiftSetting.js
../js/src/dialog/DlgEmpApplyDirect.js
../js/src/dialog/DlgEmpMonthlyApply.js
../js/src/dialog/DlgEmpMonthlyApplyOverTime.js
../js/src/dialog/DlgEmpJobAssign.js
../js/src/dialog/DlgEmpWorkOption.js
../js/src/dialog/DlgExpApplyList.js
../js/src/dialog/DlgExpHistory.js
../js/src/dialog/DlgExpSearch.js
../js/src/dialog/DlgInfo.js
../js/src/dialog/DlgInputTime.js
../js/src/dialog/DlgNote.js
../js/src/dialog/DlgShiftSetting.js
../js/src/dialog/DlgShiftOutput.js
../js/src/dialog/DlgShiftEvent.js
../js/src/dialog/DlgShiftCsvImport.js
../js/src/dialog/DlgSelectDept.js
../js/src/dialog/DlgEmpShift.js
../js/src/dialog/DlgEmpShiftList.js
../js/src/dialog/DlgStatus.js
../js/src/dialog/DlgWorkBalance.js
../js/src/dialog/DlgTaskNote.js
../js/src/dialog/DlgMessageBox.js
../js/src/dialog/DlgBulkInput.js
../js/src/dialog/DlgBulkOverTime.js
../js/src/dialog/DlgRestInput.js
../js/src/dialog/DlgApplySelect.js
../js/src/dialog/DlgChangeEmp.js
../js/src/dialog/DlgChangeHRMEmp.js
../js/src/dialog/DlgRequestList.js
../js/src/dialog/DlgRequestHRMList.js
../js/src/dialog/DlgHRMGuide.js
../js/src/dialog/DlgComment.js
../js/src/dialog/DlgDivergenceReason.js
../js/src/dialog/DlgAccessControlLog.js
../js/src/dialog/TooltipEmpSelect.js
../js/src/dialog/TooltipEmpDay.js
../js/src/helper/HelperGraph.js
../js/src/helper/HelperScheduleTxsLog.js
../js/src/helper/HelperScheduleEvent.js
../js/src/helper/HelperScheduleLane.js
../js/src/helper/HelperScheduleGroup.js
../js/src/helper/HelperScheduleJob.js
../js/src/helper/HelperScheduleJobs.js
../js/src/helper/HelperScheduleImport.js
../js/src/helper/HelperSchedule.js
../js/src/helper/HelperDiverge.js
../js/src/helper/HelperSummary.js
../js/src/view/ViewDaily.js
../js/src/view/ViewEmpConfig.js
../js/src/view/ViewEMEmpConfig.js
../js/src/view/ViewHRMEmpConfig.js
../js/src/view/ViewHRMGuide.js
../js/src/view/ViewEmpWorks.js
../js/src/view/ViewMonthly.js
../js/src/view/ViewMonthlySummary.js
../js/src/view/ViewBulkTest.js
../js/src/view/ViewWidget.js
../js/src/view/ViewShift.js
../js/src/view/ViewExt.js
../js/src/view/ViewDataReader.js
../js/src/util/UtilTest.js
../js/src/verify/VerDef.js
../js/src/verify/VerData.js
../js/src/verify/VerEmpMonth.js
../js/src/verify/VerEmpDays.js
../js/src/verify/VerEmpStock.js
../js/src/verify/VerEmpYuq.js
../js/src/verify/VerCheck.js
../js/src/verify/VerView.js
