../js/src_tsf/model/Def.js
../js/src_tsf/viewHelper/Dom.js
../js/src_tsf/model/ObjBase.js
../js/src_tsf/model/Dept.js
../js/src_tsf/model/Job.js
../js/src_tsf/model/ExpItem.js
../js/src_tsf/model/ForeignCurrency.js
../js/src_tsf/model/Emp.js
../js/src_tsf/model/User.js
../js/src_tsf/model/Common.js
../js/src_tsf/model/EmpExp.js
../js/src_tsf/model/ExpPreApply.js
../js/src_tsf/model/ExpApply.js
../js/src_tsf/model/CommuterPass.js
../js/src_tsf/model/ZGAccount.js
../js/src_tsf/model/Attachment.js
../js/src_tsf/service/Util.js
../js/src_tsf/service/InfoBase.js
../js/src_tsf/service/InfoExpApply.js
../js/src_tsf/service/InfoExpPreApply.js
../js/src_tsf/service/InfoExpJsNavi.js
../js/src_tsf/service/InfoExpJsNaviDetail.js
../js/src_tsf/service/InfoExpPay.js
../js/src_tsf/service/InfoAttach.js
../js/src_tsf/service/InfoCsvUpload.js
../js/src_tsf/service/InfoEmpTable.js
../js/src_tsf/service/InfoPrintExpPay.js
../js/src_tsf/service/InfoExpPrint.js
../js/src_tsf/service/ReceiptExifLogic.js
../js/src_tsf/service/CsvImportLogic.js
../js/src_tsf/viewHelper/Currency.js
../js/src_tsf/viewHelper/Time.js
../js/src_tsf/viewHelper/Error.js
../js/src_tsf/viewHelper/Fc.js
../js/src_tsf/viewHelper/Fp.js
../js/src_tsf/view/ListBase.js
../js/src_tsf/dialog/Dialog.js
../js/src_tsf/dialog/Loading.js
../js/src_tsf/dialog/ApplyComment.js
../js/src_tsf/dialog/ApplyCommentExp.js
../js/src_tsf/dialog/ApplyCommentExpPre.js
../js/src_tsf/dialog/ApplyCommentApprove.js
../js/src_tsf/dialog/ApplyCommentCancel.js
../js/src_tsf/dialog/ApplyCommentCommuterPass.js
../js/src_tsf/dialog/ApplyCreateExp.js
../js/src_tsf/dialog/DialogBase.js
../js/src_tsf/dialog/DlgExpSearch.js
../js/src_tsf/dialog/OutputZengin.js
../js/src_tsf/dialog/SearchCondition.js
../js/src_tsf/dialog/ExpDetail.js
../js/src_tsf/dialog/ExpRoute.js
../js/src_tsf/dialog/ExpImport.js
../js/src_tsf/dialog/CardStatement.js
../js/src_tsf/dialog/SearchList.js
../js/src_tsf/dialog/ProcessInstanceSteps.js
../js/src_tsf/dialog/PayOption.js
../js/src_tsf/dialog/ApplyCommuterPass.js
../js/src_tsf/dialog/CommuterPassList.js
../js/src_tsf/dialog/EkitanSetting.js
../js/src_tsf/dialog/ReceiptList.js
../js/src_tsf/dialog/ExpApplyList.js
../js/src_tsf/dialog/JobList.js
../js/src_tsf/dialog/MessageBox.js
../js/src_tsf/dialog/JsNaviImport.js
../js/src_tsf/dialog/ExternalExpense.js
../js/src_tsf/toolTipDialog/Calendar.js
../js/src_tsf/viewSection/SectionBase.js
../js/src_tsf/viewSection/SectionAllowance.js
../js/src_tsf/viewSection/SectionCoupon.js
../js/src_tsf/viewSection/SectionDetail.js
../js/src_tsf/viewSection/SectionForeign.js
../js/src_tsf/viewSection/SectionJtb.js
../js/src_tsf/viewSection/SectionProvisional.js
../js/src_tsf/viewSection/SectionTicket.js
../js/src_tsf/viewSection/SectionEmp.js
../js/src_tsf/viewSection/SectionExpHead.js
../js/src_tsf/viewSection/SectionExpRingi.js
../js/src_tsf/viewSection/SectionExpComment.js
../js/src_tsf/viewSection/SectionExpAssist.js
../js/src_tsf/viewSection/SectionExpAttach.js
../js/src_tsf/viewSection/SectionExpFilter.js
../js/src_tsf/view/ListExpPreApply.js
../js/src_tsf/view/ListExpApply.js
../js/src_tsf/view/ListExpPay.js
../js/src_tsf/view/ListPrintExpPay.js
../js/src_tsf/view/ListExpPrint.js
../js/src_tsf/view/ListExpJsNavi.js
../js/src_tsf/view/ListExpJsNaviDetail.js
../js/src_tsf/view/ListCsvUpload.js
../js/src_tsf/view/ListEmpTable.js
../js/src_tsf/view/FormBase.js
../js/src_tsf/view/Form0.js
../js/src_tsf/view/Form1.js
../js/src_tsf/view/Form2.js
../js/src_tsf/view/Form3.js
../js/src_tsf/view/Form4.js
../js/src_tsf/view/FormT.js
../js/src_tsf/view/FormExpAttach.js
../js/src_tsf/view/FormExpPrint.js
../js/src_tsf/view/FormCsvUpload.js
../js/src_tsf/view/MainBase.js
../js/src_tsf/view/MainExpPreApply.js
../js/src_tsf/view/MainExpApply.js
../js/src_tsf/view/MainExpPay.js
../js/src_tsf/view/MainExpJsNavi.js
../js/src_tsf/view/MainExpJsNaviDetail.js
../js/src_tsf/view/MainAttach.js
../js/src_tsf/view/MainCsvUpload.js
../js/src_tsf/view/MainEmpTable.js
../js/src_tsf/view/MainPrintExpPay.js
../js/src_tsf/view/MainExpPrint.js
../js/src_tsf/view/MainT.js
../js/src_tsf/controle/Manager.js
